<?xml version="1.0" encoding="UTF-8"?>
<testng-results ignored="0" total="2" passed="2" failed="0" skipped="0">
  <reporter-output>
  </reporter-output>
  <suite started-at="2021-01-05T19:54:13 GMT" name="Default suite" finished-at="2021-01-05T19:54:32 GMT" duration-ms="18203">
    <groups>
    </groups>
    <test started-at="2021-01-05T19:54:13 GMT" name="Default test" finished-at="2021-01-05T19:54:32 GMT" duration-ms="18203">
      <class name="Academy.HomePage">
        <test-method is-config="true" signature="initialize()[pri:0, instance:Academy.HomePage@106cc338]" started-at="2021-01-05T19:54:13 GMT" name="initialize" finished-at="2021-01-05T19:54:21 GMT" duration-ms="7651" status="PASS">
          <reporter-output>
          </reporter-output>
        </test-method> <!-- initialize -->
        <test-method signature="basePageNavigation(java.lang.String, java.lang.String, java.lang.String)[pri:0, instance:Academy.HomePage@106cc338]" started-at="2021-01-05T19:54:21 GMT" name="basePageNavigation" data-provider="getData" finished-at="2021-01-05T19:54:29 GMT" duration-ms="7668" status="PASS">
          <params>
            <param index="0">
              <value>
                <![CDATA[nonrestricteduser@qw.com]]>
              </value>
            </param>
            <param index="1">
              <value>
                <![CDATA[123456]]>
              </value>
            </param>
            <param index="2">
              <value>
                <![CDATA[Restrcited User]]>
              </value>
            </param>
          </params>
          <reporter-output>
          </reporter-output>
        </test-method> <!-- basePageNavigation -->
        <test-method signature="basePageNavigation(java.lang.String, java.lang.String, java.lang.String)[pri:0, instance:Academy.HomePage@106cc338]" started-at="2021-01-05T19:54:29 GMT" name="basePageNavigation" data-provider="getData" finished-at="2021-01-05T19:54:31 GMT" duration-ms="2770" status="PASS">
          <params>
            <param index="0">
              <value>
                <![CDATA[restricteduser@qw.com]]>
              </value>
            </param>
            <param index="1">
              <value>
                <![CDATA[456788]]>
              </value>
            </param>
            <param index="2">
              <value>
                <![CDATA[Non restricted user]]>
              </value>
            </param>
          </params>
          <reporter-output>
          </reporter-output>
        </test-method> <!-- basePageNavigation -->
        <test-method is-config="true" signature="teardown()[pri:0, instance:Academy.HomePage@106cc338]" started-at="2021-01-05T19:54:31 GMT" name="teardown" finished-at="2021-01-05T19:54:32 GMT" duration-ms="69" status="PASS">
          <reporter-output>
          </reporter-output>
        </test-method> <!-- teardown -->
      </class> <!-- Academy.HomePage -->
    </test> <!-- Default test -->
  </suite> <!-- Default suite -->
</testng-results>
